Created by PLY version 3.11 (http://www.dabeaz.com/ply)

Unused terminals:

    COMMA

Grammar

Rule 0     S' -> array_declaration
Rule 1     array_declaration -> DATATYPE LBRACKET RBRACKET ID
Rule 2     array_declaration -> DATATYPE LBRACKET RBRACKET array_declaration
Rule 3     empty -> <empty>

Terminals, with rules where they appear

COMMA                : 
DATATYPE             : 1 2
ID                   : 1
LBRACKET             : 1 2
RBRACKET             : 1 2
error                : 

Nonterminals, with rules where they appear

array_declaration    : 2 0
empty                : 

Parsing method: LALR

state 0

    (0) S' -> . array_declaration
    (1) array_declaration -> . DATATYPE LBRACKET RBRACKET ID
    (2) array_declaration -> . DATATYPE LBRACKET RBRACKET array_declaration

    DATATYPE        shift and go to state 2

    array_declaration              shift and go to state 1

state 1

    (0) S' -> array_declaration .



state 2

    (1) array_declaration -> DATATYPE . LBRACKET RBRACKET ID
    (2) array_declaration -> DATATYPE . LBRACKET RBRACKET array_declaration

    LBRACKET        shift and go to state 3


state 3

    (1) array_declaration -> DATATYPE LBRACKET . RBRACKET ID
    (2) array_declaration -> DATATYPE LBRACKET . RBRACKET array_declaration

    RBRACKET        shift and go to state 4


state 4

    (1) array_declaration -> DATATYPE LBRACKET RBRACKET . ID
    (2) array_declaration -> DATATYPE LBRACKET RBRACKET . array_declaration
    (1) array_declaration -> . DATATYPE LBRACKET RBRACKET ID
    (2) array_declaration -> . DATATYPE LBRACKET RBRACKET array_declaration

    ID              shift and go to state 5
    DATATYPE        shift and go to state 2

    array_declaration              shift and go to state 6

state 5

    (1) array_declaration -> DATATYPE LBRACKET RBRACKET ID .

    $end            reduce using rule 1 (array_declaration -> DATATYPE LBRACKET RBRACKET ID .)


state 6

    (2) array_declaration -> DATATYPE LBRACKET RBRACKET array_declaration .

    $end            reduce using rule 2 (array_declaration -> DATATYPE LBRACKET RBRACKET array_declaration .)

