Created by PLY version 3.11 (http://www.dabeaz.com/ply)

Grammar

Rule 0     S' -> data_type_declaration
Rule 1     data_type_declaration -> DATATYPE ID SEMICOLON
Rule 2     empty -> <empty>

Terminals, with rules where they appear

DATATYPE             : 1
ID                   : 1
SEMICOLON            : 1
error                : 

Nonterminals, with rules where they appear

data_type_declaration : 0
empty                : 

Parsing method: LALR

state 0

    (0) S' -> . data_type_declaration
    (1) data_type_declaration -> . DATATYPE ID SEMICOLON

    DATATYPE        shift and go to state 2

    data_type_declaration          shift and go to state 1

state 1

    (0) S' -> data_type_declaration .



state 2

    (1) data_type_declaration -> DATATYPE . ID SEMICOLON

    ID              shift and go to state 3


state 3

    (1) data_type_declaration -> DATATYPE ID . SEMICOLON

    SEMICOLON       shift and go to state 4


state 4

    (1) data_type_declaration -> DATATYPE ID SEMICOLON .

    $end            reduce using rule 1 (data_type_declaration -> DATATYPE ID SEMICOLON .)

